<?xml version="1.0" encoding="UTF-8"?>
<testng-results skipped="0" failed="1" ignored="0" total="1" passed="0">
  <reporter-output>
  </reporter-output>
  <suite name="Default suite" duration-ms="11858" started-at="2019-03-09T13:29:10Z" finished-at="2019-03-09T13:29:22Z">
    <groups>
    </groups>
    <test name="Default test" duration-ms="11858" started-at="2019-03-09T13:29:10Z" finished-at="2019-03-09T13:29:22Z">
      <class name="tests.Wikipedia">
        <test-method status="PASS" signature="beforeClass()[pri:0, instance:tests.Wikipedia@14acaea5]" name="beforeClass" is-config="true" duration-ms="5708" started-at="2019-03-09T13:29:10Z" finished-at="2019-03-09T13:29:16Z">
          <reporter-output>
          </reporter-output>
        </test-method> <!-- beforeClass -->
        <test-method status="PASS" signature="beforeMethod(java.lang.reflect.Method)[pri:0, instance:tests.Wikipedia@14acaea5]" name="beforeMethod" is-config="true" duration-ms="2" started-at="2019-03-09T13:29:16Z" finished-at="2019-03-09T13:29:16Z">
          <params>
            <param index="0">
              <value>
                <![CDATA[public void tests.Wikipedia.test01_searchValue() throws java.io.IOException,javax.xml.parsers.ParserConfigurationException,org.xml.sax.SAXException,org.sikuli.script.FindFailed]]>
              </value>
            </param>
          </params>
          <reporter-output>
          </reporter-output>
        </test-method> <!-- beforeMethod -->
        <test-method status="FAIL" signature="test01_searchValue()[pri:0, instance:tests.Wikipedia@14acaea5]" name="test01_searchValue" duration-ms="5379" started-at="2019-03-09T13:29:16Z" finished-at="2019-03-09T13:29:21Z">
          <exception class="java.lang.AssertionError">
            <message>
              <![CDATA[Failed to find image]]>
            </message>
            <full-stacktrace>
              <![CDATA[java.lang.AssertionError: Failed to find image
at org.testng.Assert.fail(Assert.java:96)
at extensions.Verify.image(Verify.java:51)
at tests.Wikipedia.test01_searchValue(Wikipedia.java:24)
at sun.reflect.NativeMethodAccessorImpl.invoke0(Native Method)
at sun.reflect.NativeMethodAccessorImpl.invoke(Unknown Source)
at sun.reflect.DelegatingMethodAccessorImpl.invoke(Unknown Source)
at java.lang.reflect.Method.invoke(Unknown Source)
at org.testng.internal.MethodInvocationHelper.invokeMethod(MethodInvocationHelper.java:124)
at org.testng.internal.Invoker.invokeMethod(Invoker.java:580)
at org.testng.internal.Invoker.invokeTestMethod(Invoker.java:716)
at org.testng.internal.Invoker.invokeTestMethods(Invoker.java:988)
at org.testng.internal.TestMethodWorker.invokeTestMethods(TestMethodWorker.java:125)
at org.testng.internal.TestMethodWorker.run(TestMethodWorker.java:109)
at org.testng.TestRunner.privateRun(TestRunner.java:648)
at org.testng.TestRunner.run(TestRunner.java:505)
at org.testng.SuiteRunner.runTest(SuiteRunner.java:455)
at org.testng.SuiteRunner.runSequentially(SuiteRunner.java:450)
at org.testng.SuiteRunner.privateRun(SuiteRunner.java:415)
at org.testng.SuiteRunner.run(SuiteRunner.java:364)
at org.testng.SuiteRunnerWorker.runSuite(SuiteRunnerWorker.java:52)
at org.testng.SuiteRunnerWorker.run(SuiteRunnerWorker.java:84)
at org.testng.TestNG.runSuitesSequentially(TestNG.java:1208)
at org.testng.TestNG.runSuitesLocally(TestNG.java:1137)
at org.testng.TestNG.runSuites(TestNG.java:1049)
at org.testng.TestNG.run(TestNG.java:1017)
at org.testng.remote.AbstractRemoteTestNG.run(AbstractRemoteTestNG.java:114)
at org.testng.remote.RemoteTestNG.initAndRun(RemoteTestNG.java:251)
at org.testng.remote.RemoteTestNG.main(RemoteTestNG.java:77)
]]>
            </full-stacktrace>
          </exception> <!-- java.lang.AssertionError -->
          <reporter-output>
          </reporter-output>
        </test-method> <!-- test01_searchValue -->
        <test-method status="PASS" signature="afterMethod()[pri:0, instance:tests.Wikipedia@14acaea5]" name="afterMethod" is-config="true" duration-ms="1" started-at="2019-03-09T13:29:21Z" finished-at="2019-03-09T13:29:21Z">
          <reporter-output>
          </reporter-output>
        </test-method> <!-- afterMethod -->
        <test-method status="PASS" signature="afterClass()[pri:0, instance:tests.Wikipedia@14acaea5]" name="afterClass" is-config="true" duration-ms="755" started-at="2019-03-09T13:29:21Z" finished-at="2019-03-09T13:29:22Z">
          <reporter-output>
          </reporter-output>
        </test-method> <!-- afterClass -->
      </class> <!-- tests.Wikipedia -->
    </test> <!-- Default test -->
  </suite> <!-- Default suite -->
</testng-results>
