<?xml version="1.0" encoding="UTF-8"?>
<testng-results skipped="0" failed="1" ignored="0" total="1" passed="0">
  <reporter-output>
  </reporter-output>
  <suite name="Default suite" duration-ms="39281" started-at="2019-04-25T07:31:23Z" finished-at="2019-04-25T07:32:02Z">
    <groups>
    </groups>
    <test name="Default test" duration-ms="39281" started-at="2019-04-25T07:31:23Z" finished-at="2019-04-25T07:32:02Z">
      <class name="tests.MortgageApp">
        <test-method status="PASS" signature="beforeClass()[pri:0, instance:tests.MortgageApp@10d59286]" name="beforeClass" is-config="true" duration-ms="11167" started-at="2019-04-25T07:31:23Z" finished-at="2019-04-25T07:31:34Z">
          <reporter-output>
          </reporter-output>
        </test-method> <!-- beforeClass -->
        <test-method status="PASS" signature="beforeMethod(java.lang.reflect.Method)[pri:0, instance:tests.MortgageApp@10d59286]" name="beforeMethod" is-config="true" duration-ms="2" started-at="2019-04-25T07:31:34Z" finished-at="2019-04-25T07:31:34Z">
          <params>
            <param index="0">
              <value>
                <![CDATA[public void tests.MortgageApp.test01_verifyRepayment() throws java.io.IOException,javax.xml.parsers.ParserConfigurationException,org.xml.sax.SAXException]]>
              </value>
            </param>
          </params>
          <reporter-output>
          </reporter-output>
        </test-method> <!-- beforeMethod -->
        <test-method status="FAIL" signature="test01_verifyRepayment()[pri:0, instance:tests.MortgageApp@10d59286]" name="test01_verifyRepayment" duration-ms="26543" started-at="2019-04-25T07:31:34Z" finished-at="2019-04-25T07:32:00Z">
          <exception class="java.lang.AssertionError">
            <message>
              <![CDATA[Text NOT found in element]]>
            </message>
            <full-stacktrace>
              <![CDATA[java.lang.AssertionError: Text NOT found in element
at org.testng.Assert.fail(Assert.java:96)
at extensions.Verify.textInElement(Verify.java:37)
at tests.MortgageApp.test01_verifyRepayment(MortgageApp.java:21)
at sun.reflect.NativeMethodAccessorImpl.invoke0(Native Method)
at sun.reflect.NativeMethodAccessorImpl.invoke(Unknown Source)
at sun.reflect.DelegatingMethodAccessorImpl.invoke(Unknown Source)
at java.lang.reflect.Method.invoke(Unknown Source)
at org.testng.internal.MethodInvocationHelper.invokeMethod(MethodInvocationHelper.java:124)
at org.testng.internal.Invoker.invokeMethod(Invoker.java:580)
at org.testng.internal.Invoker.invokeTestMethod(Invoker.java:716)
at org.testng.internal.Invoker.invokeTestMethods(Invoker.java:988)
at org.testng.internal.TestMethodWorker.invokeTestMethods(TestMethodWorker.java:125)
at org.testng.internal.TestMethodWorker.run(TestMethodWorker.java:109)
at org.testng.TestRunner.privateRun(TestRunner.java:648)
at org.testng.TestRunner.run(TestRunner.java:505)
at org.testng.SuiteRunner.runTest(SuiteRunner.java:455)
at org.testng.SuiteRunner.runSequentially(SuiteRunner.java:450)
at org.testng.SuiteRunner.privateRun(SuiteRunner.java:415)
at org.testng.SuiteRunner.run(SuiteRunner.java:364)
at org.testng.SuiteRunnerWorker.runSuite(SuiteRunnerWorker.java:52)
at org.testng.SuiteRunnerWorker.run(SuiteRunnerWorker.java:84)
at org.testng.TestNG.runSuitesSequentially(TestNG.java:1208)
at org.testng.TestNG.runSuitesLocally(TestNG.java:1137)
at org.testng.TestNG.runSuites(TestNG.java:1049)
at org.testng.TestNG.run(TestNG.java:1017)
at org.testng.remote.AbstractRemoteTestNG.run(AbstractRemoteTestNG.java:114)
at org.testng.remote.RemoteTestNG.initAndRun(RemoteTestNG.java:251)
at org.testng.remote.RemoteTestNG.main(RemoteTestNG.java:77)
]]>
            </full-stacktrace>
          </exception> <!-- java.lang.AssertionError -->
          <reporter-output>
          </reporter-output>
        </test-method> <!-- test01_verifyRepayment -->
        <test-method status="PASS" signature="afterMethod()[pri:0, instance:tests.MortgageApp@10d59286]" name="afterMethod" is-config="true" duration-ms="1" started-at="2019-04-25T07:32:00Z" finished-at="2019-04-25T07:32:00Z">
          <reporter-output>
          </reporter-output>
        </test-method> <!-- afterMethod -->
        <test-method status="PASS" signature="afterClass()[pri:0, instance:tests.MortgageApp@10d59286]" name="afterClass" is-config="true" duration-ms="1557" started-at="2019-04-25T07:32:00Z" finished-at="2019-04-25T07:32:02Z">
          <reporter-output>
          </reporter-output>
        </test-method> <!-- afterClass -->
      </class> <!-- tests.MortgageApp -->
    </test> <!-- Default test -->
  </suite> <!-- Default suite -->
</testng-results>
